0 info it worked if it ends with ok
1 verbose cli [ 'node', '/Users/Ryan/.node_modules_global/bin/npm', 'start' ]
2 info using npm@2.10.0
3 info using node@v0.12.2
4 verbose node symlink /usr/local/bin/node
5 verbose config Skipping project config: /Users/Ryan/.npmrc. (matches userconfig)
6 verbose stack Error: ENOENT, open '/Users/Ryan/package.json'
6 verbose stack     at Error (native)
7 verbose cwd /Users/Ryan/Desktop/LocalHost/Website_Template/working_template/BioITCore/js
8 error Darwin 13.4.0
9 error argv "node" "/Users/Ryan/.node_modules_global/bin/npm" "start"
10 error node v0.12.2
11 error npm  v2.10.0
12 error path /Users/Ryan/package.json
13 error code ENOENT
14 error errno -2
15 error enoent ENOENT, open '/Users/Ryan/package.json'
15 error enoent This is most likely not a problem with npm itself
15 error enoent and is related to npm not being able to find a file.
16 verbose exit [ -2, true ]
